Wed Mar 20 2019 13:22:53 GMT+0530 (India Standard Time): GET /
Wed Mar 20 2019 13:23:00 GMT+0530 (India Standard Time): GET /about
Wed Mar 20 2019 13:24:09 GMT+0530 (India Standard Time): GET /about
Wed Mar 20 2019 13:24:11 GMT+0530 (India Standard Time): GET /
Wed Mar 20 2019 13:25:17 GMT+0530 (India Standard Time): GET /
Wed Mar 20 2019 13:25:26 GMT+0530 (India Standard Time): GET /about
Wed Mar 20 2019 13:26:14 GMT+0530 (India Standard Time): GET /about
Wed Mar 20 2019 13:26:48 GMT+0530 (India Standard Time): GET /about
Wed Mar 20 2019 13:27:05 GMT+0530 (India Standard Time): GET /
Wed Mar 20 2019 13:27:10 GMT+0530 (India Standard Time): GET /
Wed Mar 20 2019 13:27:11 GMT+0530 (India Standard Time): GET /
Wed Mar 20 2019 13:27:12 GMT+0530 (India Standard Time): GET /
Wed Mar 20 2019 13:27:14 GMT+0530 (India Standard Time): GET /about
Wed Mar 20 2019 13:27:59 GMT+0530 (India Standard Time): GET /about
Wed Mar 20 2019 13:28:02 GMT+0530 (India Standard Time): GET /
Wed Mar 20 2019 13:28:02 GMT+0530 (India Standard Time): GET /
Wed Mar 20 2019 13:28:44 GMT+0530 (India Standard Time): GET /
Wed Mar 20 2019 13:28:46 GMT+0530 (India Standard Time): GET /
Wed Apr 03 2019 22:21:16 GMT+0530 (India Standard Time): GET /about
Wed Apr 03 2019 22:21:18 GMT+0530 (India Standard Time): GET /
Wed Apr 03 2019 22:21:20 GMT+0530 (India Standard Time): GET /about
Wed Apr 03 2019 22:21:23 GMT+0530 (India Standard Time): GET /
Wed Apr 03 2019 22:23:29 GMT+0530 (India Standard Time): GET /
Wed Apr 03 2019 22:23:29 GMT+0530 (India Standard Time): GET /favicon.ico
Wed Apr 03 2019 22:23:44 GMT+0530 (India Standard Time): GET /
Wed Apr 03 2019 22:24:00 GMT+0530 (India Standard Time): GET /about
Wed Apr 03 2019 22:24:13 GMT+0530 (India Standard Time): GET /
Wed Apr 03 2019 22:25:44 GMT+0530 (India Standard Time): GET /
Wed Apr 03 2019 22:26:36 GMT+0530 (India Standard Time): GET /
Wed Apr 03 2019 22:26:39 GMT+0530 (India Standard Time): GET /
Wed Apr 03 2019 22:26:41 GMT+0530 (India Standard Time): GET /about
Wed Apr 03 2019 22:27:44 GMT+0530 (India Standard Time): GET /about
Wed Apr 03 2019 22:28:16 GMT+0530 (India Standard Time): GET /about
Wed Apr 03 2019 22:28:19 GMT+0530 (India Standard Time): GET /
Wed Apr 03 2019 22:29:06 GMT+0530 (India Standard Time): GET /
Wed Apr 03 2019 22:29:08 GMT+0530 (India Standard Time): GET /
Wed Apr 03 2019 22:35:30 GMT+0530 (India Standard Time): GET /
Wed Apr 03 2019 22:35:34 GMT+0530 (India Standard Time): GET /about
Wed Apr 03 2019 22:35:37 GMT+0530 (India Standard Time): GET /home
Wed Apr 03 2019 22:36:07 GMT+0530 (India Standard Time): GET /
Wed Apr 03 2019 22:36:10 GMT+0530 (India Standard Time): GET /about
Wed Apr 03 2019 22:36:12 GMT+0530 (India Standard Time): GET /
Wed Apr 03 2019 22:48:47 GMT+0530 (India Standard Time): GET /about
Wed Apr 03 2019 22:48:50 GMT+0530 (India Standard Time): GET /home.hbs
Wed Apr 03 2019 22:49:00 GMT+0530 (India Standard Time): GET /about
Wed Apr 03 2019 22:49:01 GMT+0530 (India Standard Time): GET /home.hbs
Wed Apr 03 2019 22:50:17 GMT+0530 (India Standard Time): GET /about
Wed Apr 03 2019 22:50:19 GMT+0530 (India Standard Time): GET /home.hbs
Wed Apr 03 2019 22:50:22 GMT+0530 (India Standard Time): GET /about
Wed Apr 03 2019 22:51:23 GMT+0530 (India Standard Time): GET /about
Wed Apr 03 2019 22:51:26 GMT+0530 (India Standard Time): GET /about
Wed Apr 03 2019 22:53:02 GMT+0530 (India Standard Time): GET /about
Wed Apr 03 2019 22:53:03 GMT+0530 (India Standard Time): GET /about
Wed Apr 03 2019 22:53:03 GMT+0530 (India Standard Time): GET /about
Wed Apr 03 2019 22:53:03 GMT+0530 (India Standard Time): GET /about
Wed Apr 03 2019 22:53:06 GMT+0530 (India Standard Time): GET /about
Wed Apr 03 2019 22:53:07 GMT+0530 (India Standard Time): GET /about
Wed Apr 03 2019 22:53:08 GMT+0530 (India Standard Time): GET /about
Wed Apr 03 2019 22:56:29 GMT+0530 (India Standard Time): GET /about
Wed Apr 03 2019 22:56:31 GMT+0530 (India Standard Time): GET /home
Wed Apr 03 2019 22:56:33 GMT+0530 (India Standard Time): GET /exam
Wed Apr 03 2019 22:58:15 GMT+0530 (India Standard Time): GET /about
Wed Apr 03 2019 22:58:17 GMT+0530 (India Standard Time): GET /about
Wed Apr 03 2019 22:58:19 GMT+0530 (India Standard Time): GET /exam
Wed Apr 03 2019 22:58:22 GMT+0530 (India Standard Time): GET /home
Wed Apr 03 2019 23:00:37 GMT+0530 (India Standard Time): GET /home
Wed Apr 03 2019 23:00:39 GMT+0530 (India Standard Time): GET /exam
Wed Apr 03 2019 23:00:52 GMT+0530 (India Standard Time): GET /about
Wed Apr 03 2019 23:02:06 GMT+0530 (India Standard Time): GET /about
Wed Apr 03 2019 23:02:08 GMT+0530 (India Standard Time): GET /exam
Wed Apr 03 2019 23:02:12 GMT+0530 (India Standard Time): GET /about
Wed Apr 03 2019 23:02:13 GMT+0530 (India Standard Time): GET /home
Wed Apr 03 2019 23:04:35 GMT+0530 (India Standard Time): GET /home
Wed Apr 03 2019 23:04:37 GMT+0530 (India Standard Time): GET /home
Wed Apr 03 2019 23:04:38 GMT+0530 (India Standard Time): GET /home
Wed Apr 03 2019 23:04:39 GMT+0530 (India Standard Time): GET /home
Wed Apr 03 2019 23:05:42 GMT+0530 (India Standard Time): GET /home
Wed Apr 03 2019 23:05:48 GMT+0530 (India Standard Time): GET /acadmic
Wed Apr 03 2019 23:06:11 GMT+0530 (India Standard Time): GET /acadmic
Wed Apr 03 2019 23:06:13 GMT+0530 (India Standard Time): GET /acadmic
Wed Apr 03 2019 23:06:18 GMT+0530 (India Standard Time): GET /acadmic
Wed Apr 03 2019 23:06:32 GMT+0530 (India Standard Time): GET /acadmic
Wed Apr 03 2019 23:06:33 GMT+0530 (India Standard Time): GET /acadmic
Wed Apr 03 2019 23:06:38 GMT+0530 (India Standard Time): GET /home
Wed Apr 03 2019 23:06:40 GMT+0530 (India Standard Time): GET /acadmic
Wed Apr 03 2019 23:07:43 GMT+0530 (India Standard Time): GET /home
Wed Apr 03 2019 23:07:45 GMT+0530 (India Standard Time): GET /academic
Wed Apr 03 2019 23:07:49 GMT+0530 (India Standard Time): GET /home
Wed Apr 03 2019 23:07:51 GMT+0530 (India Standard Time): GET /exam
Wed Apr 03 2019 23:13:05 GMT+0530 (India Standard Time): GET /exam
Wed Apr 03 2019 23:13:07 GMT+0530 (India Standard Time): GET /self
Wed Apr 03 2019 23:14:34 GMT+0530 (India Standard Time): GET /self
Wed Apr 03 2019 23:14:36 GMT+0530 (India Standard Time): GET /exam
Wed Apr 03 2019 23:14:37 GMT+0530 (India Standard Time): GET /self
Wed Apr 03 2019 23:15:11 GMT+0530 (India Standard Time): GET /self
Wed Apr 03 2019 23:15:19 GMT+0530 (India Standard Time): GET /exam
Wed Apr 03 2019 23:15:20 GMT+0530 (India Standard Time): GET /self
Wed Apr 03 2019 23:15:42 GMT+0530 (India Standard Time): GET /home
Wed Apr 03 2019 23:15:48 GMT+0530 (India Standard Time): GET /academic
Wed Apr 03 2019 23:15:51 GMT+0530 (India Standard Time): GET /home
Wed Apr 03 2019 23:16:20 GMT+0530 (India Standard Time): GET /home
Wed Apr 03 2019 23:16:23 GMT+0530 (India Standard Time): GET /home
Wed Apr 03 2019 23:16:55 GMT+0530 (India Standard Time): GET /home
Wed Apr 03 2019 23:18:12 GMT+0530 (India Standard Time): GET /home
Wed Apr 03 2019 23:18:24 GMT+0530 (India Standard Time): GET /home
Wed Apr 03 2019 23:18:52 GMT+0530 (India Standard Time): GET /home
Wed Apr 03 2019 23:18:54 GMT+0530 (India Standard Time): GET /home
Wed Apr 03 2019 23:19:00 GMT+0530 (India Standard Time): GET /academic
Wed Apr 03 2019 23:19:05 GMT+0530 (India Standard Time): GET /exam
Wed Apr 03 2019 23:19:08 GMT+0530 (India Standard Time): GET /self
Wed Apr 03 2019 23:19:13 GMT+0530 (India Standard Time): GET /self
Wed Apr 03 2019 23:20:13 GMT+0530 (India Standard Time): GET /exam
Wed Apr 03 2019 23:20:18 GMT+0530 (India Standard Time): GET /exam
Wed Apr 03 2019 23:20:19 GMT+0530 (India Standard Time): GET /home
Wed Apr 03 2019 23:20:38 GMT+0530 (India Standard Time): GET /home
Wed Apr 03 2019 23:20:56 GMT+0530 (India Standard Time): GET /self
Wed Apr 03 2019 23:21:12 GMT+0530 (India Standard Time): GET /self
Wed Apr 03 2019 23:21:13 GMT+0530 (India Standard Time): GET /self
Wed Apr 03 2019 23:21:14 GMT+0530 (India Standard Time): GET /home
Wed Apr 03 2019 23:21:16 GMT+0530 (India Standard Time): GET /academic
Wed Apr 03 2019 23:23:48 GMT+0530 (India Standard Time): GET /academic
Wed Apr 03 2019 23:23:50 GMT+0530 (India Standard Time): GET /self
Wed Apr 03 2019 23:23:52 GMT+0530 (India Standard Time): GET /exam
Wed Apr 03 2019 23:23:56 GMT+0530 (India Standard Time): GET /academic
Wed Apr 03 2019 23:24:04 GMT+0530 (India Standard Time): GET /home
Wed Apr 03 2019 23:24:40 GMT+0530 (India Standard Time): GET /home
Wed Apr 03 2019 23:24:43 GMT+0530 (India Standard Time): GET /academic
Wed Apr 03 2019 23:25:11 GMT+0530 (India Standard Time): GET /academic
Wed Apr 03 2019 23:25:13 GMT+0530 (India Standard Time): GET /academic
Wed Apr 03 2019 23:25:17 GMT+0530 (India Standard Time): GET /exam
Wed Apr 03 2019 23:25:21 GMT+0530 (India Standard Time): GET /self
Wed Apr 03 2019 23:25:27 GMT+0530 (India Standard Time): GET /academic
Wed Apr 03 2019 23:25:27 GMT+0530 (India Standard Time): GET /home
Wed Apr 03 2019 23:26:22 GMT+0530 (India Standard Time): GET /home
Wed Apr 03 2019 23:26:29 GMT+0530 (India Standard Time): GET /academic
Wed Apr 03 2019 23:26:31 GMT+0530 (India Standard Time): GET /exam
Wed Apr 03 2019 23:26:31 GMT+0530 (India Standard Time): GET /self
